{
  "RSpec": {
    "coverage": {
      "/home/careful-list-6276/tic-tac-toe-rb-online-web-sp-000/lib/tic_tac_toe.rb": [
        null,
        1,
        12,
        17,
        null,
        null,
        12,
        5,
        7,
        3,
        null,
        null,
        null,
        null,
        1,
        25,
        25,
        25,
        25,
        25,
        25,
        null,
        null,
        null,
        1,
        23,
        23,
        null,
        null,
        null,
        1,
        21,
        21,
        19,
        null,
        2,
        null,
        null,
        null,
        null,
        1,
        220,
        22,
        null,
        null,
        null,
        1,
        21,
        15,
        null,
        6,
        null,
        null,
        null,
        null,
        1,
        20,
        20,
        20,
        19,
        null,
        1,
        null,
        20,
        null,
        null,
        null,
        1,
        206,
        null,
        null,
        null,
        null,
        1,
        null,
        null,
        null,
        null,
        null,
        null,
        null,
        null,
        null,
        1,
        59,
        59,
        362,
        362,
        362,
        null,
        362,
        362,
        362,
        null,
        362,
        17,
        345,
        6,
        null,
        339,
        null,
        null,
        null,
        36,
        null,
        null,
        1,
        null,
        null,
        221,
        null,
        null,
        1,
        20,
        null,
        null,
        null,
        1,
        null,
        21,
        null,
        null,
        1,
        null,
        7,
        6,
        6,
        null,
        null
      ]
    },
    "timestamp": 1573498940
  }
}
